Terminaux inutilisés dans la grammaire

   FUNCTION
   FUNCTION_R
   FROM
   TO
   STEP
   IF
   THEN
   ELSE
   EOLR
   SYNTAX_ERROR
   MOD


État 64 conflits: 1 décalage/réduction
État 66 conflits: 1 décalage/réduction


Grammaire

    0 $accept: line $end

    1 line: %empty
    2     | line expr EOL
    3     | line decl EQU expr EOL
    4     | line VARIABLE EQU expr EOL

    5 expr: '(' expr ')'
    6     | PI
    7     | EXP_E
    8     | PLS expr
    9     | MIN expr
   10     | numrs
   11     | plot
   12     | range
   13     | expr PLS expr
   14     | expr MIN expr
   15     | expr MUL expr
   16     | expr DIV expr
   17     | expr POW expr
   18     | expr LT expr
   19     | expr GT expr
   20     | expr LTE expr
   21     | expr GTE expr
   22     | expr EEQU expr
   23     | expr DIFF expr
   24     | expr AND expr
   25     | expr OR expr
   26     | SQRT '(' expr ')'
   27     | COS '(' expr ')'
   28     | SIN '(' expr ')'
   29     | LN '(' expr ')'
   30     | LOG '(' expr ')'
   31     | EXP '(' expr ')'
   32     | ABS '(' expr ')'
   33     | POWER '(' expr ',' expr ')'
   34     | expr QM expr DP expr
   35     | error

   36 decl: VARIABLE '(' VARIABLE ')'

   37 numr: NUMBER
   38     | VARIABLE
   39     | VARIABLE '(' expr ')'

   40 numrs: numr
   41      | VARIABLE '(' range ')'

   42 plot: plot_decl

   43 plot_decl: PLOT '(' plot_func
   44          | UPDATE '(' plot_func

   45 plot_func: VARIABLE ',' plot_func
   46          | VARIABLE plot_range

   47 plot_range: ',' range ')'

   48 range: range_from

   49 range_from: '[' expr range_to

   50 range_to: ',' expr range_step

   51 range_step: ']'
   52           | ',' expr ']'


Terminaux, suivis des règles où ils apparaissent

$end (0) 0
'(' (40) 5 26 27 28 29 30 31 32 33 36 39 41 43 44
')' (41) 5 26 27 28 29 30 31 32 33 36 39 41 47
',' (44) 33 45 47 50 52
'[' (91) 49
']' (93) 51 52
error (256) 35
NUMBER (258) 37
PI (259) 6
EXP_E (260) 7
VARIABLE (261) 4 36 38 39 41 45 46
FUNCTION (262)
FUNCTION_R (263)
FROM (264)
TO (265)
STEP (266)
IF (267)
THEN (268)
ELSE (269)
UPDATE (270) 44
PLOT (271) 43
SQRT (272) 26
SIN (273) 28
COS (274) 27
LOG (275) 30
LN (276) 29
EXP (277) 31
ABS (278) 32
POWER (279) 33
EOL (280) 2 3 4
EOLR (281)
SYNTAX_ERROR (282)
QM (283) 34
DP (284) 34
EQU (285) 3 4
PLS (286) 8 13
MIN (287) 9 14
MUL (288) 15
DIV (289) 16
MOD (290)
POW (291) 17
SIGN (292)
LT (293) 18
GT (294) 19
GTE (295) 21
LTE (296) 20
EEQU (297) 22
DIFF (298) 23
AND (299) 24
OR (300) 25


Non-terminaux, suivis des règles où ils apparaissent

$accept (51)
    à gauche: 0
line (52)
    à gauche: 1 2 3 4, à droite: 0 2 3 4
expr (53)
    à gauche: 5 6 7 8 9 10 11 12 13 14 15 16 17 18 19 20 21 22 23
    24 25 26 27 28 29 30 31 32 33 34 35, à droite: 2 3 4 5 8 9 13
    14 15 16 17 18 19 20 21 22 23 24 25 26 27 28 29 30 31 32 33 34
    39 49 50 52
decl (54)
    à gauche: 36, à droite: 3
numr (55)
    à gauche: 37 38 39, à droite: 40
numrs (56)
    à gauche: 40 41, à droite: 10
plot (57)
    à gauche: 42, à droite: 11
plot_decl (58)
    à gauche: 43 44, à droite: 42
plot_func (59)
    à gauche: 45 46, à droite: 43 44 45
plot_range (60)
    à gauche: 47, à droite: 46
range (61)
    à gauche: 48, à droite: 12 41 47
range_from (62)
    à gauche: 49, à droite: 48
range_to (63)
    à gauche: 50, à droite: 49
range_step (64)
    à gauche: 51 52, à droite: 50


État 0

    0 $accept: . line $end

    $défaut  réduction par utilisation de la règle 1 (line)

    line  aller à l'état 1


État 1

    0 $accept: line . $end
    2 line: line . expr EOL
    3     | line . decl EQU expr EOL
    4     | line . VARIABLE EQU expr EOL

    $end      décalage et aller à l'état 2
    error     décalage et aller à l'état 3
    NUMBER    décalage et aller à l'état 4
    PI        décalage et aller à l'état 5
    EXP_E     décalage et aller à l'état 6
    VARIABLE  décalage et aller à l'état 7
    UPDATE    décalage et aller à l'état 8
    PLOT      décalage et aller à l'état 9
    SQRT      décalage et aller à l'état 10
    SIN       décalage et aller à l'état 11
    COS       décalage et aller à l'état 12
    LOG       décalage et aller à l'état 13
    LN        décalage et aller à l'état 14
    EXP       décalage et aller à l'état 15
    ABS       décalage et aller à l'état 16
    POWER     décalage et aller à l'état 17
    PLS       décalage et aller à l'état 18
    MIN       décalage et aller à l'état 19
    '('       décalage et aller à l'état 20
    '['       décalage et aller à l'état 21

    expr        aller à l'état 22
    decl        aller à l'état 23
    numr        aller à l'état 24
    numrs       aller à l'état 25
    plot        aller à l'état 26
    plot_decl   aller à l'état 27
    range       aller à l'état 28
    range_from  aller à l'état 29


État 2

    0 $accept: line $end .

    $défaut  accepter


État 3

   35 expr: error .

    $défaut  réduction par utilisation de la règle 35 (expr)


État 4

   37 numr: NUMBER .

    $défaut  réduction par utilisation de la règle 37 (numr)


État 5

    6 expr: PI .

    $défaut  réduction par utilisation de la règle 6 (expr)


État 6

    7 expr: EXP_E .

    $défaut  réduction par utilisation de la règle 7 (expr)


État 7

    4 line: line VARIABLE . EQU expr EOL
   36 decl: VARIABLE . '(' VARIABLE ')'
   38 numr: VARIABLE .
   39     | VARIABLE . '(' expr ')'
   41 numrs: VARIABLE . '(' range ')'

    EQU  décalage et aller à l'état 30
    '('  décalage et aller à l'état 31

    $défaut  réduction par utilisation de la règle 38 (numr)


État 8

   44 plot_decl: UPDATE . '(' plot_func

    '('  décalage et aller à l'état 32


État 9

   43 plot_decl: PLOT . '(' plot_func

    '('  décalage et aller à l'état 33


État 10

   26 expr: SQRT . '(' expr ')'

    '('  décalage et aller à l'état 34


État 11

   28 expr: SIN . '(' expr ')'

    '('  décalage et aller à l'état 35


État 12

   27 expr: COS . '(' expr ')'

    '('  décalage et aller à l'état 36


État 13

   30 expr: LOG . '(' expr ')'

    '('  décalage et aller à l'état 37


État 14

   29 expr: LN . '(' expr ')'

    '('  décalage et aller à l'état 38


État 15

   31 expr: EXP . '(' expr ')'

    '('  décalage et aller à l'état 39


État 16

   32 expr: ABS . '(' expr ')'

    '('  décalage et aller à l'état 40


État 17

   33 expr: POWER . '(' expr ',' expr ')'

    '('  décalage et aller à l'état 41


État 18

    8 expr: PLS . expr

    error     décalage et aller à l'état 3
    NUMBER    décalage et aller à l'état 4
    PI        décalage et aller à l'état 5
    EXP_E     décalage et aller à l'état 6
    VARIABLE  décalage et aller à l'état 42
    UPDATE    décalage et aller à l'état 8
    PLOT      décalage et aller à l'état 9
    SQRT      décalage et aller à l'état 10
    SIN       décalage et aller à l'état 11
    COS       décalage et aller à l'état 12
    LOG       décalage et aller à l'état 13
    LN        décalage et aller à l'état 14
    EXP       décalage et aller à l'état 15
    ABS       décalage et aller à l'état 16
    POWER     décalage et aller à l'état 17
    PLS       décalage et aller à l'état 18
    MIN       décalage et aller à l'état 19
    '('       décalage et aller à l'état 20
    '['       décalage et aller à l'état 21

    expr        aller à l'état 43
    numr        aller à l'état 24
    numrs       aller à l'état 25
    plot        aller à l'état 26
    plot_decl   aller à l'état 27
    range       aller à l'état 28
    range_from  aller à l'état 29


État 19

    9 expr: MIN . expr

    error     décalage et aller à l'état 3
    NUMBER    décalage et aller à l'état 4
    PI        décalage et aller à l'état 5
    EXP_E     décalage et aller à l'état 6
    VARIABLE  décalage et aller à l'état 42
    UPDATE    décalage et aller à l'état 8
    PLOT      décalage et aller à l'état 9
    SQRT      décalage et aller à l'état 10
    SIN       décalage et aller à l'état 11
    COS       décalage et aller à l'état 12
    LOG       décalage et aller à l'état 13
    LN        décalage et aller à l'état 14
    EXP       décalage et aller à l'état 15
    ABS       décalage et aller à l'état 16
    POWER     décalage et aller à l'état 17
    PLS       décalage et aller à l'état 18
    MIN       décalage et aller à l'état 19
    '('       décalage et aller à l'état 20
    '['       décalage et aller à l'état 21

    expr        aller à l'état 44
    numr        aller à l'état 24
    numrs       aller à l'état 25
    plot        aller à l'état 26
    plot_decl   aller à l'état 27
    range       aller à l'état 28
    range_from  aller à l'état 29


État 20

    5 expr: '(' . expr ')'

    error     décalage et aller à l'état 3
    NUMBER    décalage et aller à l'état 4
    PI        décalage et aller à l'état 5
    EXP_E     décalage et aller à l'état 6
    VARIABLE  décalage et aller à l'état 42
    UPDATE    décalage et aller à l'état 8
    PLOT      décalage et aller à l'état 9
    SQRT      décalage et aller à l'état 10
    SIN       décalage et aller à l'état 11
    COS       décalage et aller à l'état 12
    LOG       décalage et aller à l'état 13
    LN        décalage et aller à l'état 14
    EXP       décalage et aller à l'état 15
    ABS       décalage et aller à l'état 16
    POWER     décalage et aller à l'état 17
    PLS       décalage et aller à l'état 18
    MIN       décalage et aller à l'état 19
    '('       décalage et aller à l'état 20
    '['       décalage et aller à l'état 21

    expr        aller à l'état 45
    numr        aller à l'état 24
    numrs       aller à l'état 25
    plot        aller à l'état 26
    plot_decl   aller à l'état 27
    range       aller à l'état 28
    range_from  aller à l'état 29


État 21

   49 range_from: '[' . expr range_to

    error     décalage et aller à l'état 3
    NUMBER    décalage et aller à l'état 4
    PI        décalage et aller à l'état 5
    EXP_E     décalage et aller à l'état 6
    VARIABLE  décalage et aller à l'état 42
    UPDATE    décalage et aller à l'état 8
    PLOT      décalage et aller à l'état 9
    SQRT      décalage et aller à l'état 10
    SIN       décalage et aller à l'état 11
    COS       décalage et aller à l'état 12
    LOG       décalage et aller à l'état 13
    LN        décalage et aller à l'état 14
    EXP       décalage et aller à l'état 15
    ABS       décalage et aller à l'état 16
    POWER     décalage et aller à l'état 17
    PLS       décalage et aller à l'état 18
    MIN       décalage et aller à l'état 19
    '('       décalage et aller à l'état 20
    '['       décalage et aller à l'état 21

    expr        aller à l'état 46
    numr        aller à l'état 24
    numrs       aller à l'état 25
    plot        aller à l'état 26
    plot_decl   aller à l'état 27
    range       aller à l'état 28
    range_from  aller à l'état 29


État 22

    2 line: line expr . EOL
   13 expr: expr . PLS expr
   14     | expr . MIN expr
   15     | expr . MUL expr
   16     | expr . DIV expr
   17     | expr . POW expr
   18     | expr . LT expr
   19     | expr . GT expr
   20     | expr . LTE expr
   21     | expr . GTE expr
   22     | expr . EEQU expr
   23     | expr . DIFF expr
   24     | expr . AND expr
   25     | expr . OR expr
   34     | expr . QM expr DP expr

    EOL   décalage et aller à l'état 47
    QM    décalage et aller à l'état 48
    PLS   décalage et aller à l'état 49
    MIN   décalage et aller à l'état 50
    MUL   décalage et aller à l'état 51
    DIV   décalage et aller à l'état 52
    POW   décalage et aller à l'état 53
    LT    décalage et aller à l'état 54
    GT    décalage et aller à l'état 55
    GTE   décalage et aller à l'état 56
    LTE   décalage et aller à l'état 57
    EEQU  décalage et aller à l'état 58
    DIFF  décalage et aller à l'état 59
    AND   décalage et aller à l'état 60
    OR    décalage et aller à l'état 61


État 23

    3 line: line decl . EQU expr EOL

    EQU  décalage et aller à l'état 62


État 24

   40 numrs: numr .

    $défaut  réduction par utilisation de la règle 40 (numrs)


État 25

   10 expr: numrs .

    $défaut  réduction par utilisation de la règle 10 (expr)


État 26

   11 expr: plot .

    $défaut  réduction par utilisation de la règle 11 (expr)


État 27

   42 plot: plot_decl .

    $défaut  réduction par utilisation de la règle 42 (plot)


État 28

   12 expr: range .

    $défaut  réduction par utilisation de la règle 12 (expr)


État 29

   48 range: range_from .

    $défaut  réduction par utilisation de la règle 48 (range)


État 30

    4 line: line VARIABLE EQU . expr EOL

    error     décalage et aller à l'état 3
    NUMBER    décalage et aller à l'état 4
    PI        décalage et aller à l'état 5
    EXP_E     décalage et aller à l'état 6
    VARIABLE  décalage et aller à l'état 42
    UPDATE    décalage et aller à l'état 8
    PLOT      décalage et aller à l'état 9
    SQRT      décalage et aller à l'état 10
    SIN       décalage et aller à l'état 11
    COS       décalage et aller à l'état 12
    LOG       décalage et aller à l'état 13
    LN        décalage et aller à l'état 14
    EXP       décalage et aller à l'état 15
    ABS       décalage et aller à l'état 16
    POWER     décalage et aller à l'état 17
    PLS       décalage et aller à l'état 18
    MIN       décalage et aller à l'état 19
    '('       décalage et aller à l'état 20
    '['       décalage et aller à l'état 21

    expr        aller à l'état 63
    numr        aller à l'état 24
    numrs       aller à l'état 25
    plot        aller à l'état 26
    plot_decl   aller à l'état 27
    range       aller à l'état 28
    range_from  aller à l'état 29


État 31

   36 decl: VARIABLE '(' . VARIABLE ')'
   39 numr: VARIABLE '(' . expr ')'
   41 numrs: VARIABLE '(' . range ')'

    error     décalage et aller à l'état 3
    NUMBER    décalage et aller à l'état 4
    PI        décalage et aller à l'état 5
    EXP_E     décalage et aller à l'état 6
    VARIABLE  décalage et aller à l'état 64
    UPDATE    décalage et aller à l'état 8
    PLOT      décalage et aller à l'état 9
    SQRT      décalage et aller à l'état 10
    SIN       décalage et aller à l'état 11
    COS       décalage et aller à l'état 12
    LOG       décalage et aller à l'état 13
    LN        décalage et aller à l'état 14
    EXP       décalage et aller à l'état 15
    ABS       décalage et aller à l'état 16
    POWER     décalage et aller à l'état 17
    PLS       décalage et aller à l'état 18
    MIN       décalage et aller à l'état 19
    '('       décalage et aller à l'état 20
    '['       décalage et aller à l'état 21

    expr        aller à l'état 65
    numr        aller à l'état 24
    numrs       aller à l'état 25
    plot        aller à l'état 26
    plot_decl   aller à l'état 27
    range       aller à l'état 66
    range_from  aller à l'état 29


État 32

   44 plot_decl: UPDATE '(' . plot_func

    VARIABLE  décalage et aller à l'état 67

    plot_func  aller à l'état 68


État 33

   43 plot_decl: PLOT '(' . plot_func

    VARIABLE  décalage et aller à l'état 67

    plot_func  aller à l'état 69


État 34

   26 expr: SQRT '(' . expr ')'

    error     décalage et aller à l'état 3
    NUMBER    décalage et aller à l'état 4
    PI        décalage et aller à l'état 5
    EXP_E     décalage et aller à l'état 6
    VARIABLE  décalage et aller à l'état 42
    UPDATE    décalage et aller à l'état 8
    PLOT      décalage et aller à l'état 9
    SQRT      décalage et aller à l'état 10
    SIN       décalage et aller à l'état 11
    COS       décalage et aller à l'état 12
    LOG       décalage et aller à l'état 13
    LN        décalage et aller à l'état 14
    EXP       décalage et aller à l'état 15
    ABS       décalage et aller à l'état 16
    POWER     décalage et aller à l'état 17
    PLS       décalage et aller à l'état 18
    MIN       décalage et aller à l'état 19
    '('       décalage et aller à l'état 20
    '['       décalage et aller à l'état 21

    expr        aller à l'état 70
    numr        aller à l'état 24
    numrs       aller à l'état 25
    plot        aller à l'état 26
    plot_decl   aller à l'état 27
    range       aller à l'état 28
    range_from  aller à l'état 29


État 35

   28 expr: SIN '(' . expr ')'

    error     décalage et aller à l'état 3
    NUMBER    décalage et aller à l'état 4
    PI        décalage et aller à l'état 5
    EXP_E     décalage et aller à l'état 6
    VARIABLE  décalage et aller à l'état 42
    UPDATE    décalage et aller à l'état 8
    PLOT      décalage et aller à l'état 9
    SQRT      décalage et aller à l'état 10
    SIN       décalage et aller à l'état 11
    COS       décalage et aller à l'état 12
    LOG       décalage et aller à l'état 13
    LN        décalage et aller à l'état 14
    EXP       décalage et aller à l'état 15
    ABS       décalage et aller à l'état 16
    POWER     décalage et aller à l'état 17
    PLS       décalage et aller à l'état 18
    MIN       décalage et aller à l'état 19
    '('       décalage et aller à l'état 20
    '['       décalage et aller à l'état 21

    expr        aller à l'état 71
    numr        aller à l'état 24
    numrs       aller à l'état 25
    plot        aller à l'état 26
    plot_decl   aller à l'état 27
    range       aller à l'état 28
    range_from  aller à l'état 29


État 36

   27 expr: COS '(' . expr ')'

    error     décalage et aller à l'état 3
    NUMBER    décalage et aller à l'état 4
    PI        décalage et aller à l'état 5
    EXP_E     décalage et aller à l'état 6
    VARIABLE  décalage et aller à l'état 42
    UPDATE    décalage et aller à l'état 8
    PLOT      décalage et aller à l'état 9
    SQRT      décalage et aller à l'état 10
    SIN       décalage et aller à l'état 11
    COS       décalage et aller à l'état 12
    LOG       décalage et aller à l'état 13
    LN        décalage et aller à l'état 14
    EXP       décalage et aller à l'état 15
    ABS       décalage et aller à l'état 16
    POWER     décalage et aller à l'état 17
    PLS       décalage et aller à l'état 18
    MIN       décalage et aller à l'état 19
    '('       décalage et aller à l'état 20
    '['       décalage et aller à l'état 21

    expr        aller à l'état 72
    numr        aller à l'état 24
    numrs       aller à l'état 25
    plot        aller à l'état 26
    plot_decl   aller à l'état 27
    range       aller à l'état 28
    range_from  aller à l'état 29


État 37

   30 expr: LOG '(' . expr ')'

    error     décalage et aller à l'état 3
    NUMBER    décalage et aller à l'état 4
    PI        décalage et aller à l'état 5
    EXP_E     décalage et aller à l'état 6
    VARIABLE  décalage et aller à l'état 42
    UPDATE    décalage et aller à l'état 8
    PLOT      décalage et aller à l'état 9
    SQRT      décalage et aller à l'état 10
    SIN       décalage et aller à l'état 11
    COS       décalage et aller à l'état 12
    LOG       décalage et aller à l'état 13
    LN        décalage et aller à l'état 14
    EXP       décalage et aller à l'état 15
    ABS       décalage et aller à l'état 16
    POWER     décalage et aller à l'état 17
    PLS       décalage et aller à l'état 18
    MIN       décalage et aller à l'état 19
    '('       décalage et aller à l'état 20
    '['       décalage et aller à l'état 21

    expr        aller à l'état 73
    numr        aller à l'état 24
    numrs       aller à l'état 25
    plot        aller à l'état 26
    plot_decl   aller à l'état 27
    range       aller à l'état 28
    range_from  aller à l'état 29


État 38

   29 expr: LN '(' . expr ')'

    error     décalage et aller à l'état 3
    NUMBER    décalage et aller à l'état 4
    PI        décalage et aller à l'état 5
    EXP_E     décalage et aller à l'état 6
    VARIABLE  décalage et aller à l'état 42
    UPDATE    décalage et aller à l'état 8
    PLOT      décalage et aller à l'état 9
    SQRT      décalage et aller à l'état 10
    SIN       décalage et aller à l'état 11
    COS       décalage et aller à l'état 12
    LOG       décalage et aller à l'état 13
    LN        décalage et aller à l'état 14
    EXP       décalage et aller à l'état 15
    ABS       décalage et aller à l'état 16
    POWER     décalage et aller à l'état 17
    PLS       décalage et aller à l'état 18
    MIN       décalage et aller à l'état 19
    '('       décalage et aller à l'état 20
    '['       décalage et aller à l'état 21

    expr        aller à l'état 74
    numr        aller à l'état 24
    numrs       aller à l'état 25
    plot        aller à l'état 26
    plot_decl   aller à l'état 27
    range       aller à l'état 28
    range_from  aller à l'état 29


État 39

   31 expr: EXP '(' . expr ')'

    error     décalage et aller à l'état 3
    NUMBER    décalage et aller à l'état 4
    PI        décalage et aller à l'état 5
    EXP_E     décalage et aller à l'état 6
    VARIABLE  décalage et aller à l'état 42
    UPDATE    décalage et aller à l'état 8
    PLOT      décalage et aller à l'état 9
    SQRT      décalage et aller à l'état 10
    SIN       décalage et aller à l'état 11
    COS       décalage et aller à l'état 12
    LOG       décalage et aller à l'état 13
    LN        décalage et aller à l'état 14
    EXP       décalage et aller à l'état 15
    ABS       décalage et aller à l'état 16
    POWER     décalage et aller à l'état 17
    PLS       décalage et aller à l'état 18
    MIN       décalage et aller à l'état 19
    '('       décalage et aller à l'état 20
    '['       décalage et aller à l'état 21

    expr        aller à l'état 75
    numr        aller à l'état 24
    numrs       aller à l'état 25
    plot        aller à l'état 26
    plot_decl   aller à l'état 27
    range       aller à l'état 28
    range_from  aller à l'état 29


État 40

   32 expr: ABS '(' . expr ')'

    error     décalage et aller à l'état 3
    NUMBER    décalage et aller à l'état 4
    PI        décalage et aller à l'état 5
    EXP_E     décalage et aller à l'état 6
    VARIABLE  décalage et aller à l'état 42
    UPDATE    décalage et aller à l'état 8
    PLOT      décalage et aller à l'état 9
    SQRT      décalage et aller à l'état 10
    SIN       décalage et aller à l'état 11
    COS       décalage et aller à l'état 12
    LOG       décalage et aller à l'état 13
    LN        décalage et aller à l'état 14
    EXP       décalage et aller à l'état 15
    ABS       décalage et aller à l'état 16
    POWER     décalage et aller à l'état 17
    PLS       décalage et aller à l'état 18
    MIN       décalage et aller à l'état 19
    '('       décalage et aller à l'état 20
    '['       décalage et aller à l'état 21

    expr        aller à l'état 76
    numr        aller à l'état 24
    numrs       aller à l'état 25
    plot        aller à l'état 26
    plot_decl   aller à l'état 27
    range       aller à l'état 28
    range_from  aller à l'état 29


État 41

   33 expr: POWER '(' . expr ',' expr ')'

    error     décalage et aller à l'état 3
    NUMBER    décalage et aller à l'état 4
    PI        décalage et aller à l'état 5
    EXP_E     décalage et aller à l'état 6
    VARIABLE  décalage et aller à l'état 42
    UPDATE    décalage et aller à l'état 8
    PLOT      décalage et aller à l'état 9
    SQRT      décalage et aller à l'état 10
    SIN       décalage et aller à l'état 11
    COS       décalage et aller à l'état 12
    LOG       décalage et aller à l'état 13
    LN        décalage et aller à l'état 14
    EXP       décalage et aller à l'état 15
    ABS       décalage et aller à l'état 16
    POWER     décalage et aller à l'état 17
    PLS       décalage et aller à l'état 18
    MIN       décalage et aller à l'état 19
    '('       décalage et aller à l'état 20
    '['       décalage et aller à l'état 21

    expr        aller à l'état 77
    numr        aller à l'état 24
    numrs       aller à l'état 25
    plot        aller à l'état 26
    plot_decl   aller à l'état 27
    range       aller à l'état 28
    range_from  aller à l'état 29


État 42

   38 numr: VARIABLE .
   39     | VARIABLE . '(' expr ')'
   41 numrs: VARIABLE . '(' range ')'

    '('  décalage et aller à l'état 78

    $défaut  réduction par utilisation de la règle 38 (numr)


État 43

    8 expr: PLS expr .
   13     | expr . PLS expr
   14     | expr . MIN expr
   15     | expr . MUL expr
   16     | expr . DIV expr
   17     | expr . POW expr
   18     | expr . LT expr
   19     | expr . GT expr
   20     | expr . LTE expr
   21     | expr . GTE expr
   22     | expr . EEQU expr
   23     | expr . DIFF expr
   24     | expr . AND expr
   25     | expr . OR expr
   34     | expr . QM expr DP expr

    LT    décalage et aller à l'état 54
    GT    décalage et aller à l'état 55
    GTE   décalage et aller à l'état 56
    LTE   décalage et aller à l'état 57
    EEQU  décalage et aller à l'état 58
    DIFF  décalage et aller à l'état 59
    AND   décalage et aller à l'état 60
    OR    décalage et aller à l'état 61

    $défaut  réduction par utilisation de la règle 8 (expr)


État 44

    9 expr: MIN expr .
   13     | expr . PLS expr
   14     | expr . MIN expr
   15     | expr . MUL expr
   16     | expr . DIV expr
   17     | expr . POW expr
   18     | expr . LT expr
   19     | expr . GT expr
   20     | expr . LTE expr
   21     | expr . GTE expr
   22     | expr . EEQU expr
   23     | expr . DIFF expr
   24     | expr . AND expr
   25     | expr . OR expr
   34     | expr . QM expr DP expr

    LT    décalage et aller à l'état 54
    GT    décalage et aller à l'état 55
    GTE   décalage et aller à l'état 56
    LTE   décalage et aller à l'état 57
    EEQU  décalage et aller à l'état 58
    DIFF  décalage et aller à l'état 59
    AND   décalage et aller à l'état 60
    OR    décalage et aller à l'état 61

    $défaut  réduction par utilisation de la règle 9 (expr)


État 45

    5 expr: '(' expr . ')'
   13     | expr . PLS expr
   14     | expr . MIN expr
   15     | expr . MUL expr
   16     | expr . DIV expr
   17     | expr . POW expr
   18     | expr . LT expr
   19     | expr . GT expr
   20     | expr . LTE expr
   21     | expr . GTE expr
   22     | expr . EEQU expr
   23     | expr . DIFF expr
   24     | expr . AND expr
   25     | expr . OR expr
   34     | expr . QM expr DP expr

    QM    décalage et aller à l'état 48
    PLS   décalage et aller à l'état 49
    MIN   décalage et aller à l'état 50
    MUL   décalage et aller à l'état 51
    DIV   décalage et aller à l'état 52
    POW   décalage et aller à l'état 53
    LT    décalage et aller à l'état 54
    GT    décalage et aller à l'état 55
    GTE   décalage et aller à l'état 56
    LTE   décalage et aller à l'état 57
    EEQU  décalage et aller à l'état 58
    DIFF  décalage et aller à l'état 59
    AND   décalage et aller à l'état 60
    OR    décalage et aller à l'état 61
    ')'   décalage et aller à l'état 79


État 46

   13 expr: expr . PLS expr
   14     | expr . MIN expr
   15     | expr . MUL expr
   16     | expr . DIV expr
   17     | expr . POW expr
   18     | expr . LT expr
   19     | expr . GT expr
   20     | expr . LTE expr
   21     | expr . GTE expr
   22     | expr . EEQU expr
   23     | expr . DIFF expr
   24     | expr . AND expr
   25     | expr . OR expr
   34     | expr . QM expr DP expr
   49 range_from: '[' expr . range_to

    QM    décalage et aller à l'état 48
    PLS   décalage et aller à l'état 49
    MIN   décalage et aller à l'état 50
    MUL   décalage et aller à l'état 51
    DIV   décalage et aller à l'état 52
    POW   décalage et aller à l'état 53
    LT    décalage et aller à l'état 54
    GT    décalage et aller à l'état 55
    GTE   décalage et aller à l'état 56
    LTE   décalage et aller à l'état 57
    EEQU  décalage et aller à l'état 58
    DIFF  décalage et aller à l'état 59
    AND   décalage et aller à l'état 60
    OR    décalage et aller à l'état 61
    ','   décalage et aller à l'état 80

    range_to  aller à l'état 81


État 47

    2 line: line expr EOL .

    $défaut  réduction par utilisation de la règle 2 (line)


État 48

   34 expr: expr QM . expr DP expr

    error     décalage et aller à l'état 3
    NUMBER    décalage et aller à l'état 4
    PI        décalage et aller à l'état 5
    EXP_E     décalage et aller à l'état 6
    VARIABLE  décalage et aller à l'état 42
    UPDATE    décalage et aller à l'état 8
    PLOT      décalage et aller à l'état 9
    SQRT      décalage et aller à l'état 10
    SIN       décalage et aller à l'état 11
    COS       décalage et aller à l'état 12
    LOG       décalage et aller à l'état 13
    LN        décalage et aller à l'état 14
    EXP       décalage et aller à l'état 15
    ABS       décalage et aller à l'état 16
    POWER     décalage et aller à l'état 17
    PLS       décalage et aller à l'état 18
    MIN       décalage et aller à l'état 19
    '('       décalage et aller à l'état 20
    '['       décalage et aller à l'état 21

    expr        aller à l'état 82
    numr        aller à l'état 24
    numrs       aller à l'état 25
    plot        aller à l'état 26
    plot_decl   aller à l'état 27
    range       aller à l'état 28
    range_from  aller à l'état 29


État 49

   13 expr: expr PLS . expr

    error     décalage et aller à l'état 3
    NUMBER    décalage et aller à l'état 4
    PI        décalage et aller à l'état 5
    EXP_E     décalage et aller à l'état 6
    VARIABLE  décalage et aller à l'état 42
    UPDATE    décalage et aller à l'état 8
    PLOT      décalage et aller à l'état 9
    SQRT      décalage et aller à l'état 10
    SIN       décalage et aller à l'état 11
    COS       décalage et aller à l'état 12
    LOG       décalage et aller à l'état 13
    LN        décalage et aller à l'état 14
    EXP       décalage et aller à l'état 15
    ABS       décalage et aller à l'état 16
    POWER     décalage et aller à l'état 17
    PLS       décalage et aller à l'état 18
    MIN       décalage et aller à l'état 19
    '('       décalage et aller à l'état 20
    '['       décalage et aller à l'état 21

    expr        aller à l'état 83
    numr        aller à l'état 24
    numrs       aller à l'état 25
    plot        aller à l'état 26
    plot_decl   aller à l'état 27
    range       aller à l'état 28
    range_from  aller à l'état 29


État 50

   14 expr: expr MIN . expr

    error     décalage et aller à l'état 3
    NUMBER    décalage et aller à l'état 4
    PI        décalage et aller à l'état 5
    EXP_E     décalage et aller à l'état 6
    VARIABLE  décalage et aller à l'état 42
    UPDATE    décalage et aller à l'état 8
    PLOT      décalage et aller à l'état 9
    SQRT      décalage et aller à l'état 10
    SIN       décalage et aller à l'état 11
    COS       décalage et aller à l'état 12
    LOG       décalage et aller à l'état 13
    LN        décalage et aller à l'état 14
    EXP       décalage et aller à l'état 15
    ABS       décalage et aller à l'état 16
    POWER     décalage et aller à l'état 17
    PLS       décalage et aller à l'état 18
    MIN       décalage et aller à l'état 19
    '('       décalage et aller à l'état 20
    '['       décalage et aller à l'état 21

    expr        aller à l'état 84
    numr        aller à l'état 24
    numrs       aller à l'état 25
    plot        aller à l'état 26
    plot_decl   aller à l'état 27
    range       aller à l'état 28
    range_from  aller à l'état 29


État 51

   15 expr: expr MUL . expr

    error     décalage et aller à l'état 3
    NUMBER    décalage et aller à l'état 4
    PI        décalage et aller à l'état 5
    EXP_E     décalage et aller à l'état 6
    VARIABLE  décalage et aller à l'état 42
    UPDATE    décalage et aller à l'état 8
    PLOT      décalage et aller à l'état 9
    SQRT      décalage et aller à l'état 10
    SIN       décalage et aller à l'état 11
    COS       décalage et aller à l'état 12
    LOG       décalage et aller à l'état 13
    LN        décalage et aller à l'état 14
    EXP       décalage et aller à l'état 15
    ABS       décalage et aller à l'état 16
    POWER     décalage et aller à l'état 17
    PLS       décalage et aller à l'état 18
    MIN       décalage et aller à l'état 19
    '('       décalage et aller à l'état 20
    '['       décalage et aller à l'état 21

    expr        aller à l'état 85
    numr        aller à l'état 24
    numrs       aller à l'état 25
    plot        aller à l'état 26
    plot_decl   aller à l'état 27
    range       aller à l'état 28
    range_from  aller à l'état 29


État 52

   16 expr: expr DIV . expr

    error     décalage et aller à l'état 3
    NUMBER    décalage et aller à l'état 4
    PI        décalage et aller à l'état 5
    EXP_E     décalage et aller à l'état 6
    VARIABLE  décalage et aller à l'état 42
    UPDATE    décalage et aller à l'état 8
    PLOT      décalage et aller à l'état 9
    SQRT      décalage et aller à l'état 10
    SIN       décalage et aller à l'état 11
    COS       décalage et aller à l'état 12
    LOG       décalage et aller à l'état 13
    LN        décalage et aller à l'état 14
    EXP       décalage et aller à l'état 15
    ABS       décalage et aller à l'état 16
    POWER     décalage et aller à l'état 17
    PLS       décalage et aller à l'état 18
    MIN       décalage et aller à l'état 19
    '('       décalage et aller à l'état 20
    '['       décalage et aller à l'état 21

    expr        aller à l'état 86
    numr        aller à l'état 24
    numrs       aller à l'état 25
    plot        aller à l'état 26
    plot_decl   aller à l'état 27
    range       aller à l'état 28
    range_from  aller à l'état 29


État 53

   17 expr: expr POW . expr

    error     décalage et aller à l'état 3
    NUMBER    décalage et aller à l'état 4
    PI        décalage et aller à l'état 5
    EXP_E     décalage et aller à l'état 6
    VARIABLE  décalage et aller à l'état 42
    UPDATE    décalage et aller à l'état 8
    PLOT      décalage et aller à l'état 9
    SQRT      décalage et aller à l'état 10
    SIN       décalage et aller à l'état 11
    COS       décalage et aller à l'état 12
    LOG       décalage et aller à l'état 13
    LN        décalage et aller à l'état 14
    EXP       décalage et aller à l'état 15
    ABS       décalage et aller à l'état 16
    POWER     décalage et aller à l'état 17
    PLS       décalage et aller à l'état 18
    MIN       décalage et aller à l'état 19
    '('       décalage et aller à l'état 20
    '['       décalage et aller à l'état 21

    expr        aller à l'état 87
    numr        aller à l'état 24
    numrs       aller à l'état 25
    plot        aller à l'état 26
    plot_decl   aller à l'état 27
    range       aller à l'état 28
    range_from  aller à l'état 29


État 54

   18 expr: expr LT . expr

    error     décalage et aller à l'état 3
    NUMBER    décalage et aller à l'état 4
    PI        décalage et aller à l'état 5
    EXP_E     décalage et aller à l'état 6
    VARIABLE  décalage et aller à l'état 42
    UPDATE    décalage et aller à l'état 8
    PLOT      décalage et aller à l'état 9
    SQRT      décalage et aller à l'état 10
    SIN       décalage et aller à l'état 11
    COS       décalage et aller à l'état 12
    LOG       décalage et aller à l'état 13
    LN        décalage et aller à l'état 14
    EXP       décalage et aller à l'état 15
    ABS       décalage et aller à l'état 16
    POWER     décalage et aller à l'état 17
    PLS       décalage et aller à l'état 18
    MIN       décalage et aller à l'état 19
    '('       décalage et aller à l'état 20
    '['       décalage et aller à l'état 21

    expr        aller à l'état 88
    numr        aller à l'état 24
    numrs       aller à l'état 25
    plot        aller à l'état 26
    plot_decl   aller à l'état 27
    range       aller à l'état 28
    range_from  aller à l'état 29


État 55

   19 expr: expr GT . expr

    error     décalage et aller à l'état 3
    NUMBER    décalage et aller à l'état 4
    PI        décalage et aller à l'état 5
    EXP_E     décalage et aller à l'état 6
    VARIABLE  décalage et aller à l'état 42
    UPDATE    décalage et aller à l'état 8
    PLOT      décalage et aller à l'état 9
    SQRT      décalage et aller à l'état 10
    SIN       décalage et aller à l'état 11
    COS       décalage et aller à l'état 12
    LOG       décalage et aller à l'état 13
    LN        décalage et aller à l'état 14
    EXP       décalage et aller à l'état 15
    ABS       décalage et aller à l'état 16
    POWER     décalage et aller à l'état 17
    PLS       décalage et aller à l'état 18
    MIN       décalage et aller à l'état 19
    '('       décalage et aller à l'état 20
    '['       décalage et aller à l'état 21

    expr        aller à l'état 89
    numr        aller à l'état 24
    numrs       aller à l'état 25
    plot        aller à l'état 26
    plot_decl   aller à l'état 27
    range       aller à l'état 28
    range_from  aller à l'état 29


État 56

   21 expr: expr GTE . expr

    error     décalage et aller à l'état 3
    NUMBER    décalage et aller à l'état 4
    PI        décalage et aller à l'état 5
    EXP_E     décalage et aller à l'état 6
    VARIABLE  décalage et aller à l'état 42
    UPDATE    décalage et aller à l'état 8
    PLOT      décalage et aller à l'état 9
    SQRT      décalage et aller à l'état 10
    SIN       décalage et aller à l'état 11
    COS       décalage et aller à l'état 12
    LOG       décalage et aller à l'état 13
    LN        décalage et aller à l'état 14
    EXP       décalage et aller à l'état 15
    ABS       décalage et aller à l'état 16
    POWER     décalage et aller à l'état 17
    PLS       décalage et aller à l'état 18
    MIN       décalage et aller à l'état 19
    '('       décalage et aller à l'état 20
    '['       décalage et aller à l'état 21

    expr        aller à l'état 90
    numr        aller à l'état 24
    numrs       aller à l'état 25
    plot        aller à l'état 26
    plot_decl   aller à l'état 27
    range       aller à l'état 28
    range_from  aller à l'état 29


État 57

   20 expr: expr LTE . expr

    error     décalage et aller à l'état 3
    NUMBER    décalage et aller à l'état 4
    PI        décalage et aller à l'état 5
    EXP_E     décalage et aller à l'état 6
    VARIABLE  décalage et aller à l'état 42
    UPDATE    décalage et aller à l'état 8
    PLOT      décalage et aller à l'état 9
    SQRT      décalage et aller à l'état 10
    SIN       décalage et aller à l'état 11
    COS       décalage et aller à l'état 12
    LOG       décalage et aller à l'état 13
    LN        décalage et aller à l'état 14
    EXP       décalage et aller à l'état 15
    ABS       décalage et aller à l'état 16
    POWER     décalage et aller à l'état 17
    PLS       décalage et aller à l'état 18
    MIN       décalage et aller à l'état 19
    '('       décalage et aller à l'état 20
    '['       décalage et aller à l'état 21

    expr        aller à l'état 91
    numr        aller à l'état 24
    numrs       aller à l'état 25
    plot        aller à l'état 26
    plot_decl   aller à l'état 27
    range       aller à l'état 28
    range_from  aller à l'état 29


État 58

   22 expr: expr EEQU . expr

    error     décalage et aller à l'état 3
    NUMBER    décalage et aller à l'état 4
    PI        décalage et aller à l'état 5
    EXP_E     décalage et aller à l'état 6
    VARIABLE  décalage et aller à l'état 42
    UPDATE    décalage et aller à l'état 8
    PLOT      décalage et aller à l'état 9
    SQRT      décalage et aller à l'état 10
    SIN       décalage et aller à l'état 11
    COS       décalage et aller à l'état 12
    LOG       décalage et aller à l'état 13
    LN        décalage et aller à l'état 14
    EXP       décalage et aller à l'état 15
    ABS       décalage et aller à l'état 16
    POWER     décalage et aller à l'état 17
    PLS       décalage et aller à l'état 18
    MIN       décalage et aller à l'état 19
    '('       décalage et aller à l'état 20
    '['       décalage et aller à l'état 21

    expr        aller à l'état 92
    numr        aller à l'état 24
    numrs       aller à l'état 25
    plot        aller à l'état 26
    plot_decl   aller à l'état 27
    range       aller à l'état 28
    range_from  aller à l'état 29


État 59

   23 expr: expr DIFF . expr

    error     décalage et aller à l'état 3
    NUMBER    décalage et aller à l'état 4
    PI        décalage et aller à l'état 5
    EXP_E     décalage et aller à l'état 6
    VARIABLE  décalage et aller à l'état 42
    UPDATE    décalage et aller à l'état 8
    PLOT      décalage et aller à l'état 9
    SQRT      décalage et aller à l'état 10
    SIN       décalage et aller à l'état 11
    COS       décalage et aller à l'état 12
    LOG       décalage et aller à l'état 13
    LN        décalage et aller à l'état 14
    EXP       décalage et aller à l'état 15
    ABS       décalage et aller à l'état 16
    POWER     décalage et aller à l'état 17
    PLS       décalage et aller à l'état 18
    MIN       décalage et aller à l'état 19
    '('       décalage et aller à l'état 20
    '['       décalage et aller à l'état 21

    expr        aller à l'état 93
    numr        aller à l'état 24
    numrs       aller à l'état 25
    plot        aller à l'état 26
    plot_decl   aller à l'état 27
    range       aller à l'état 28
    range_from  aller à l'état 29


État 60

   24 expr: expr AND . expr

    error     décalage et aller à l'état 3
    NUMBER    décalage et aller à l'état 4
    PI        décalage et aller à l'état 5
    EXP_E     décalage et aller à l'état 6
    VARIABLE  décalage et aller à l'état 42
    UPDATE    décalage et aller à l'état 8
    PLOT      décalage et aller à l'état 9
    SQRT      décalage et aller à l'état 10
    SIN       décalage et aller à l'état 11
    COS       décalage et aller à l'état 12
    LOG       décalage et aller à l'état 13
    LN        décalage et aller à l'état 14
    EXP       décalage et aller à l'état 15
    ABS       décalage et aller à l'état 16
    POWER     décalage et aller à l'état 17
    PLS       décalage et aller à l'état 18
    MIN       décalage et aller à l'état 19
    '('       décalage et aller à l'état 20
    '['       décalage et aller à l'état 21

    expr        aller à l'état 94
    numr        aller à l'état 24
    numrs       aller à l'état 25
    plot        aller à l'état 26
    plot_decl   aller à l'état 27
    range       aller à l'état 28
    range_from  aller à l'état 29


État 61

   25 expr: expr OR . expr

    error     décalage et aller à l'état 3
    NUMBER    décalage et aller à l'état 4
    PI        décalage et aller à l'état 5
    EXP_E     décalage et aller à l'état 6
    VARIABLE  décalage et aller à l'état 42
    UPDATE    décalage et aller à l'état 8
    PLOT      décalage et aller à l'état 9
    SQRT      décalage et aller à l'état 10
    SIN       décalage et aller à l'état 11
    COS       décalage et aller à l'état 12
    LOG       décalage et aller à l'état 13
    LN        décalage et aller à l'état 14
    EXP       décalage et aller à l'état 15
    ABS       décalage et aller à l'état 16
    POWER     décalage et aller à l'état 17
    PLS       décalage et aller à l'état 18
    MIN       décalage et aller à l'état 19
    '('       décalage et aller à l'état 20
    '['       décalage et aller à l'état 21

    expr        aller à l'état 95
    numr        aller à l'état 24
    numrs       aller à l'état 25
    plot        aller à l'état 26
    plot_decl   aller à l'état 27
    range       aller à l'état 28
    range_from  aller à l'état 29


État 62

    3 line: line decl EQU . expr EOL

    error     décalage et aller à l'état 3
    NUMBER    décalage et aller à l'état 4
    PI        décalage et aller à l'état 5
    EXP_E     décalage et aller à l'état 6
    VARIABLE  décalage et aller à l'état 42
    UPDATE    décalage et aller à l'état 8
    PLOT      décalage et aller à l'état 9
    SQRT      décalage et aller à l'état 10
    SIN       décalage et aller à l'état 11
    COS       décalage et aller à l'état 12
    LOG       décalage et aller à l'état 13
    LN        décalage et aller à l'état 14
    EXP       décalage et aller à l'état 15
    ABS       décalage et aller à l'état 16
    POWER     décalage et aller à l'état 17
    PLS       décalage et aller à l'état 18
    MIN       décalage et aller à l'état 19
    '('       décalage et aller à l'état 20
    '['       décalage et aller à l'état 21

    expr        aller à l'état 96
    numr        aller à l'état 24
    numrs       aller à l'état 25
    plot        aller à l'état 26
    plot_decl   aller à l'état 27
    range       aller à l'état 28
    range_from  aller à l'état 29


État 63

    4 line: line VARIABLE EQU expr . EOL
   13 expr: expr . PLS expr
   14     | expr . MIN expr
   15     | expr . MUL expr
   16     | expr . DIV expr
   17     | expr . POW expr
   18     | expr . LT expr
   19     | expr . GT expr
   20     | expr . LTE expr
   21     | expr . GTE expr
   22     | expr . EEQU expr
   23     | expr . DIFF expr
   24     | expr . AND expr
   25     | expr . OR expr
   34     | expr . QM expr DP expr

    EOL   décalage et aller à l'état 97
    QM    décalage et aller à l'état 48
    PLS   décalage et aller à l'état 49
    MIN   décalage et aller à l'état 50
    MUL   décalage et aller à l'état 51
    DIV   décalage et aller à l'état 52
    POW   décalage et aller à l'état 53
    LT    décalage et aller à l'état 54
    GT    décalage et aller à l'état 55
    GTE   décalage et aller à l'état 56
    LTE   décalage et aller à l'état 57
    EEQU  décalage et aller à l'état 58
    DIFF  décalage et aller à l'état 59
    AND   décalage et aller à l'état 60
    OR    décalage et aller à l'état 61


État 64

   36 decl: VARIABLE '(' VARIABLE . ')'
   38 numr: VARIABLE .
   39     | VARIABLE . '(' expr ')'
   41 numrs: VARIABLE . '(' range ')'

    '('  décalage et aller à l'état 78
    ')'  décalage et aller à l'état 98

    ')'       [réduction par utilisation de la règle 38 (numr)]
    $défaut  réduction par utilisation de la règle 38 (numr)


État 65

   13 expr: expr . PLS expr
   14     | expr . MIN expr
   15     | expr . MUL expr
   16     | expr . DIV expr
   17     | expr . POW expr
   18     | expr . LT expr
   19     | expr . GT expr
   20     | expr . LTE expr
   21     | expr . GTE expr
   22     | expr . EEQU expr
   23     | expr . DIFF expr
   24     | expr . AND expr
   25     | expr . OR expr
   34     | expr . QM expr DP expr
   39 numr: VARIABLE '(' expr . ')'

    QM    décalage et aller à l'état 48
    PLS   décalage et aller à l'état 49
    MIN   décalage et aller à l'état 50
    MUL   décalage et aller à l'état 51
    DIV   décalage et aller à l'état 52
    POW   décalage et aller à l'état 53
    LT    décalage et aller à l'état 54
    GT    décalage et aller à l'état 55
    GTE   décalage et aller à l'état 56
    LTE   décalage et aller à l'état 57
    EEQU  décalage et aller à l'état 58
    DIFF  décalage et aller à l'état 59
    AND   décalage et aller à l'état 60
    OR    décalage et aller à l'état 61
    ')'   décalage et aller à l'état 99


État 66

   12 expr: range .
   41 numrs: VARIABLE '(' range . ')'

    ')'  décalage et aller à l'état 100

    ')'       [réduction par utilisation de la règle 12 (expr)]
    $défaut  réduction par utilisation de la règle 12 (expr)


État 67

   45 plot_func: VARIABLE . ',' plot_func
   46          | VARIABLE . plot_range

    ','  décalage et aller à l'état 101

    plot_range  aller à l'état 102


État 68

   44 plot_decl: UPDATE '(' plot_func .

    $défaut  réduction par utilisation de la règle 44 (plot_decl)


État 69

   43 plot_decl: PLOT '(' plot_func .

    $défaut  réduction par utilisation de la règle 43 (plot_decl)


État 70

   13 expr: expr . PLS expr
   14     | expr . MIN expr
   15     | expr . MUL expr
   16     | expr . DIV expr
   17     | expr . POW expr
   18     | expr . LT expr
   19     | expr . GT expr
   20     | expr . LTE expr
   21     | expr . GTE expr
   22     | expr . EEQU expr
   23     | expr . DIFF expr
   24     | expr . AND expr
   25     | expr . OR expr
   26     | SQRT '(' expr . ')'
   34     | expr . QM expr DP expr

    QM    décalage et aller à l'état 48
    PLS   décalage et aller à l'état 49
    MIN   décalage et aller à l'état 50
    MUL   décalage et aller à l'état 51
    DIV   décalage et aller à l'état 52
    POW   décalage et aller à l'état 53
    LT    décalage et aller à l'état 54
    GT    décalage et aller à l'état 55
    GTE   décalage et aller à l'état 56
    LTE   décalage et aller à l'état 57
    EEQU  décalage et aller à l'état 58
    DIFF  décalage et aller à l'état 59
    AND   décalage et aller à l'état 60
    OR    décalage et aller à l'état 61
    ')'   décalage et aller à l'état 103


État 71

   13 expr: expr . PLS expr
   14     | expr . MIN expr
   15     | expr . MUL expr
   16     | expr . DIV expr
   17     | expr . POW expr
   18     | expr . LT expr
   19     | expr . GT expr
   20     | expr . LTE expr
   21     | expr . GTE expr
   22     | expr . EEQU expr
   23     | expr . DIFF expr
   24     | expr . AND expr
   25     | expr . OR expr
   28     | SIN '(' expr . ')'
   34     | expr . QM expr DP expr

    QM    décalage et aller à l'état 48
    PLS   décalage et aller à l'état 49
    MIN   décalage et aller à l'état 50
    MUL   décalage et aller à l'état 51
    DIV   décalage et aller à l'état 52
    POW   décalage et aller à l'état 53
    LT    décalage et aller à l'état 54
    GT    décalage et aller à l'état 55
    GTE   décalage et aller à l'état 56
    LTE   décalage et aller à l'état 57
    EEQU  décalage et aller à l'état 58
    DIFF  décalage et aller à l'état 59
    AND   décalage et aller à l'état 60
    OR    décalage et aller à l'état 61
    ')'   décalage et aller à l'état 104


État 72

   13 expr: expr . PLS expr
   14     | expr . MIN expr
   15     | expr . MUL expr
   16     | expr . DIV expr
   17     | expr . POW expr
   18     | expr . LT expr
   19     | expr . GT expr
   20     | expr . LTE expr
   21     | expr . GTE expr
   22     | expr . EEQU expr
   23     | expr . DIFF expr
   24     | expr . AND expr
   25     | expr . OR expr
   27     | COS '(' expr . ')'
   34     | expr . QM expr DP expr

    QM    décalage et aller à l'état 48
    PLS   décalage et aller à l'état 49
    MIN   décalage et aller à l'état 50
    MUL   décalage et aller à l'état 51
    DIV   décalage et aller à l'état 52
    POW   décalage et aller à l'état 53
    LT    décalage et aller à l'état 54
    GT    décalage et aller à l'état 55
    GTE   décalage et aller à l'état 56
    LTE   décalage et aller à l'état 57
    EEQU  décalage et aller à l'état 58
    DIFF  décalage et aller à l'état 59
    AND   décalage et aller à l'état 60
    OR    décalage et aller à l'état 61
    ')'   décalage et aller à l'état 105


État 73

   13 expr: expr . PLS expr
   14     | expr . MIN expr
   15     | expr . MUL expr
   16     | expr . DIV expr
   17     | expr . POW expr
   18     | expr . LT expr
   19     | expr . GT expr
   20     | expr . LTE expr
   21     | expr . GTE expr
   22     | expr . EEQU expr
   23     | expr . DIFF expr
   24     | expr . AND expr
   25     | expr . OR expr
   30     | LOG '(' expr . ')'
   34     | expr . QM expr DP expr

    QM    décalage et aller à l'état 48
    PLS   décalage et aller à l'état 49
    MIN   décalage et aller à l'état 50
    MUL   décalage et aller à l'état 51
    DIV   décalage et aller à l'état 52
    POW   décalage et aller à l'état 53
    LT    décalage et aller à l'état 54
    GT    décalage et aller à l'état 55
    GTE   décalage et aller à l'état 56
    LTE   décalage et aller à l'état 57
    EEQU  décalage et aller à l'état 58
    DIFF  décalage et aller à l'état 59
    AND   décalage et aller à l'état 60
    OR    décalage et aller à l'état 61
    ')'   décalage et aller à l'état 106


État 74

   13 expr: expr . PLS expr
   14     | expr . MIN expr
   15     | expr . MUL expr
   16     | expr . DIV expr
   17     | expr . POW expr
   18     | expr . LT expr
   19     | expr . GT expr
   20     | expr . LTE expr
   21     | expr . GTE expr
   22     | expr . EEQU expr
   23     | expr . DIFF expr
   24     | expr . AND expr
   25     | expr . OR expr
   29     | LN '(' expr . ')'
   34     | expr . QM expr DP expr

    QM    décalage et aller à l'état 48
    PLS   décalage et aller à l'état 49
    MIN   décalage et aller à l'état 50
    MUL   décalage et aller à l'état 51
    DIV   décalage et aller à l'état 52
    POW   décalage et aller à l'état 53
    LT    décalage et aller à l'état 54
    GT    décalage et aller à l'état 55
    GTE   décalage et aller à l'état 56
    LTE   décalage et aller à l'état 57
    EEQU  décalage et aller à l'état 58
    DIFF  décalage et aller à l'état 59
    AND   décalage et aller à l'état 60
    OR    décalage et aller à l'état 61
    ')'   décalage et aller à l'état 107


État 75

   13 expr: expr . PLS expr
   14     | expr . MIN expr
   15     | expr . MUL expr
   16     | expr . DIV expr
   17     | expr . POW expr
   18     | expr . LT expr
   19     | expr . GT expr
   20     | expr . LTE expr
   21     | expr . GTE expr
   22     | expr . EEQU expr
   23     | expr . DIFF expr
   24     | expr . AND expr
   25     | expr . OR expr
   31     | EXP '(' expr . ')'
   34     | expr . QM expr DP expr

    QM    décalage et aller à l'état 48
    PLS   décalage et aller à l'état 49
    MIN   décalage et aller à l'état 50
    MUL   décalage et aller à l'état 51
    DIV   décalage et aller à l'état 52
    POW   décalage et aller à l'état 53
    LT    décalage et aller à l'état 54
    GT    décalage et aller à l'état 55
    GTE   décalage et aller à l'état 56
    LTE   décalage et aller à l'état 57
    EEQU  décalage et aller à l'état 58
    DIFF  décalage et aller à l'état 59
    AND   décalage et aller à l'état 60
    OR    décalage et aller à l'état 61
    ')'   décalage et aller à l'état 108


État 76

   13 expr: expr . PLS expr
   14     | expr . MIN expr
   15     | expr . MUL expr
   16     | expr . DIV expr
   17     | expr . POW expr
   18     | expr . LT expr
   19     | expr . GT expr
   20     | expr . LTE expr
   21     | expr . GTE expr
   22     | expr . EEQU expr
   23     | expr . DIFF expr
   24     | expr . AND expr
   25     | expr . OR expr
   32     | ABS '(' expr . ')'
   34     | expr . QM expr DP expr

    QM    décalage et aller à l'état 48
    PLS   décalage et aller à l'état 49
    MIN   décalage et aller à l'état 50
    MUL   décalage et aller à l'état 51
    DIV   décalage et aller à l'état 52
    POW   décalage et aller à l'état 53
    LT    décalage et aller à l'état 54
    GT    décalage et aller à l'état 55
    GTE   décalage et aller à l'état 56
    LTE   décalage et aller à l'état 57
    EEQU  décalage et aller à l'état 58
    DIFF  décalage et aller à l'état 59
    AND   décalage et aller à l'état 60
    OR    décalage et aller à l'état 61
    ')'   décalage et aller à l'état 109


État 77

   13 expr: expr . PLS expr
   14     | expr . MIN expr
   15     | expr . MUL expr
   16     | expr . DIV expr
   17     | expr . POW expr
   18     | expr . LT expr
   19     | expr . GT expr
   20     | expr . LTE expr
   21     | expr . GTE expr
   22     | expr . EEQU expr
   23     | expr . DIFF expr
   24     | expr . AND expr
   25     | expr . OR expr
   33     | POWER '(' expr . ',' expr ')'
   34     | expr . QM expr DP expr

    QM    décalage et aller à l'état 48
    PLS   décalage et aller à l'état 49
    MIN   décalage et aller à l'état 50
    MUL   décalage et aller à l'état 51
    DIV   décalage et aller à l'état 52
    POW   décalage et aller à l'état 53
    LT    décalage et aller à l'état 54
    GT    décalage et aller à l'état 55
    GTE   décalage et aller à l'état 56
    LTE   décalage et aller à l'état 57
    EEQU  décalage et aller à l'état 58
    DIFF  décalage et aller à l'état 59
    AND   décalage et aller à l'état 60
    OR    décalage et aller à l'état 61
    ','   décalage et aller à l'état 110


État 78

   39 numr: VARIABLE '(' . expr ')'
   41 numrs: VARIABLE '(' . range ')'

    error     décalage et aller à l'état 3
    NUMBER    décalage et aller à l'état 4
    PI        décalage et aller à l'état 5
    EXP_E     décalage et aller à l'état 6
    VARIABLE  décalage et aller à l'état 42
    UPDATE    décalage et aller à l'état 8
    PLOT      décalage et aller à l'état 9
    SQRT      décalage et aller à l'état 10
    SIN       décalage et aller à l'état 11
    COS       décalage et aller à l'état 12
    LOG       décalage et aller à l'état 13
    LN        décalage et aller à l'état 14
    EXP       décalage et aller à l'état 15
    ABS       décalage et aller à l'état 16
    POWER     décalage et aller à l'état 17
    PLS       décalage et aller à l'état 18
    MIN       décalage et aller à l'état 19
    '('       décalage et aller à l'état 20
    '['       décalage et aller à l'état 21

    expr        aller à l'état 65
    numr        aller à l'état 24
    numrs       aller à l'état 25
    plot        aller à l'état 26
    plot_decl   aller à l'état 27
    range       aller à l'état 66
    range_from  aller à l'état 29


État 79

    5 expr: '(' expr ')' .

    $défaut  réduction par utilisation de la règle 5 (expr)


État 80

   50 range_to: ',' . expr range_step

    error     décalage et aller à l'état 3
    NUMBER    décalage et aller à l'état 4
    PI        décalage et aller à l'état 5
    EXP_E     décalage et aller à l'état 6
    VARIABLE  décalage et aller à l'état 42
    UPDATE    décalage et aller à l'état 8
    PLOT      décalage et aller à l'état 9
    SQRT      décalage et aller à l'état 10
    SIN       décalage et aller à l'état 11
    COS       décalage et aller à l'état 12
    LOG       décalage et aller à l'état 13
    LN        décalage et aller à l'état 14
    EXP       décalage et aller à l'état 15
    ABS       décalage et aller à l'état 16
    POWER     décalage et aller à l'état 17
    PLS       décalage et aller à l'état 18
    MIN       décalage et aller à l'état 19
    '('       décalage et aller à l'état 20
    '['       décalage et aller à l'état 21

    expr        aller à l'état 111
    numr        aller à l'état 24
    numrs       aller à l'état 25
    plot        aller à l'état 26
    plot_decl   aller à l'état 27
    range       aller à l'état 28
    range_from  aller à l'état 29


État 81

   49 range_from: '[' expr range_to .

    $défaut  réduction par utilisation de la règle 49 (range_from)


État 82

   13 expr: expr . PLS expr
   14     | expr . MIN expr
   15     | expr . MUL expr
   16     | expr . DIV expr
   17     | expr . POW expr
   18     | expr . LT expr
   19     | expr . GT expr
   20     | expr . LTE expr
   21     | expr . GTE expr
   22     | expr . EEQU expr
   23     | expr . DIFF expr
   24     | expr . AND expr
   25     | expr . OR expr
   34     | expr . QM expr DP expr
   34     | expr QM expr . DP expr

    QM    décalage et aller à l'état 48
    DP    décalage et aller à l'état 112
    PLS   décalage et aller à l'état 49
    MIN   décalage et aller à l'état 50
    MUL   décalage et aller à l'état 51
    DIV   décalage et aller à l'état 52
    POW   décalage et aller à l'état 53
    LT    décalage et aller à l'état 54
    GT    décalage et aller à l'état 55
    GTE   décalage et aller à l'état 56
    LTE   décalage et aller à l'état 57
    EEQU  décalage et aller à l'état 58
    DIFF  décalage et aller à l'état 59
    AND   décalage et aller à l'état 60
    OR    décalage et aller à l'état 61


État 83

   13 expr: expr . PLS expr
   13     | expr PLS expr .
   14     | expr . MIN expr
   15     | expr . MUL expr
   16     | expr . DIV expr
   17     | expr . POW expr
   18     | expr . LT expr
   19     | expr . GT expr
   20     | expr . LTE expr
   21     | expr . GTE expr
   22     | expr . EEQU expr
   23     | expr . DIFF expr
   24     | expr . AND expr
   25     | expr . OR expr
   34     | expr . QM expr DP expr

    MUL   décalage et aller à l'état 51
    DIV   décalage et aller à l'état 52
    POW   décalage et aller à l'état 53
    LT    décalage et aller à l'état 54
    GT    décalage et aller à l'état 55
    GTE   décalage et aller à l'état 56
    LTE   décalage et aller à l'état 57
    EEQU  décalage et aller à l'état 58
    DIFF  décalage et aller à l'état 59
    AND   décalage et aller à l'état 60
    OR    décalage et aller à l'état 61

    $défaut  réduction par utilisation de la règle 13 (expr)


État 84

   13 expr: expr . PLS expr
   14     | expr . MIN expr
   14     | expr MIN expr .
   15     | expr . MUL expr
   16     | expr . DIV expr
   17     | expr . POW expr
   18     | expr . LT expr
   19     | expr . GT expr
   20     | expr . LTE expr
   21     | expr . GTE expr
   22     | expr . EEQU expr
   23     | expr . DIFF expr
   24     | expr . AND expr
   25     | expr . OR expr
   34     | expr . QM expr DP expr

    MUL   décalage et aller à l'état 51
    DIV   décalage et aller à l'état 52
    POW   décalage et aller à l'état 53
    LT    décalage et aller à l'état 54
    GT    décalage et aller à l'état 55
    GTE   décalage et aller à l'état 56
    LTE   décalage et aller à l'état 57
    EEQU  décalage et aller à l'état 58
    DIFF  décalage et aller à l'état 59
    AND   décalage et aller à l'état 60
    OR    décalage et aller à l'état 61

    $défaut  réduction par utilisation de la règle 14 (expr)


État 85

   13 expr: expr . PLS expr
   14     | expr . MIN expr
   15     | expr . MUL expr
   15     | expr MUL expr .
   16     | expr . DIV expr
   17     | expr . POW expr
   18     | expr . LT expr
   19     | expr . GT expr
   20     | expr . LTE expr
   21     | expr . GTE expr
   22     | expr . EEQU expr
   23     | expr . DIFF expr
   24     | expr . AND expr
   25     | expr . OR expr
   34     | expr . QM expr DP expr

    POW   décalage et aller à l'état 53
    LT    décalage et aller à l'état 54
    GT    décalage et aller à l'état 55
    GTE   décalage et aller à l'état 56
    LTE   décalage et aller à l'état 57
    EEQU  décalage et aller à l'état 58
    DIFF  décalage et aller à l'état 59
    AND   décalage et aller à l'état 60
    OR    décalage et aller à l'état 61

    $défaut  réduction par utilisation de la règle 15 (expr)


État 86

   13 expr: expr . PLS expr
   14     | expr . MIN expr
   15     | expr . MUL expr
   16     | expr . DIV expr
   16     | expr DIV expr .
   17     | expr . POW expr
   18     | expr . LT expr
   19     | expr . GT expr
   20     | expr . LTE expr
   21     | expr . GTE expr
   22     | expr . EEQU expr
   23     | expr . DIFF expr
   24     | expr . AND expr
   25     | expr . OR expr
   34     | expr . QM expr DP expr

    POW   décalage et aller à l'état 53
    LT    décalage et aller à l'état 54
    GT    décalage et aller à l'état 55
    GTE   décalage et aller à l'état 56
    LTE   décalage et aller à l'état 57
    EEQU  décalage et aller à l'état 58
    DIFF  décalage et aller à l'état 59
    AND   décalage et aller à l'état 60
    OR    décalage et aller à l'état 61

    $défaut  réduction par utilisation de la règle 16 (expr)


État 87

   13 expr: expr . PLS expr
   14     | expr . MIN expr
   15     | expr . MUL expr
   16     | expr . DIV expr
   17     | expr . POW expr
   17     | expr POW expr .
   18     | expr . LT expr
   19     | expr . GT expr
   20     | expr . LTE expr
   21     | expr . GTE expr
   22     | expr . EEQU expr
   23     | expr . DIFF expr
   24     | expr . AND expr
   25     | expr . OR expr
   34     | expr . QM expr DP expr

    POW   décalage et aller à l'état 53
    LT    décalage et aller à l'état 54
    GT    décalage et aller à l'état 55
    GTE   décalage et aller à l'état 56
    LTE   décalage et aller à l'état 57
    EEQU  décalage et aller à l'état 58
    DIFF  décalage et aller à l'état 59
    AND   décalage et aller à l'état 60
    OR    décalage et aller à l'état 61

    $défaut  réduction par utilisation de la règle 17 (expr)


État 88

   13 expr: expr . PLS expr
   14     | expr . MIN expr
   15     | expr . MUL expr
   16     | expr . DIV expr
   17     | expr . POW expr
   18     | expr . LT expr
   18     | expr LT expr .
   19     | expr . GT expr
   20     | expr . LTE expr
   21     | expr . GTE expr
   22     | expr . EEQU expr
   23     | expr . DIFF expr
   24     | expr . AND expr
   25     | expr . OR expr
   34     | expr . QM expr DP expr

    $défaut  réduction par utilisation de la règle 18 (expr)


État 89

   13 expr: expr . PLS expr
   14     | expr . MIN expr
   15     | expr . MUL expr
   16     | expr . DIV expr
   17     | expr . POW expr
   18     | expr . LT expr
   19     | expr . GT expr
   19     | expr GT expr .
   20     | expr . LTE expr
   21     | expr . GTE expr
   22     | expr . EEQU expr
   23     | expr . DIFF expr
   24     | expr . AND expr
   25     | expr . OR expr
   34     | expr . QM expr DP expr

    $défaut  réduction par utilisation de la règle 19 (expr)


État 90

   13 expr: expr . PLS expr
   14     | expr . MIN expr
   15     | expr . MUL expr
   16     | expr . DIV expr
   17     | expr . POW expr
   18     | expr . LT expr
   19     | expr . GT expr
   20     | expr . LTE expr
   21     | expr . GTE expr
   21     | expr GTE expr .
   22     | expr . EEQU expr
   23     | expr . DIFF expr
   24     | expr . AND expr
   25     | expr . OR expr
   34     | expr . QM expr DP expr

    $défaut  réduction par utilisation de la règle 21 (expr)


État 91

   13 expr: expr . PLS expr
   14     | expr . MIN expr
   15     | expr . MUL expr
   16     | expr . DIV expr
   17     | expr . POW expr
   18     | expr . LT expr
   19     | expr . GT expr
   20     | expr . LTE expr
   20     | expr LTE expr .
   21     | expr . GTE expr
   22     | expr . EEQU expr
   23     | expr . DIFF expr
   24     | expr . AND expr
   25     | expr . OR expr
   34     | expr . QM expr DP expr

    $défaut  réduction par utilisation de la règle 20 (expr)


État 92

   13 expr: expr . PLS expr
   14     | expr . MIN expr
   15     | expr . MUL expr
   16     | expr . DIV expr
   17     | expr . POW expr
   18     | expr . LT expr
   19     | expr . GT expr
   20     | expr . LTE expr
   21     | expr . GTE expr
   22     | expr . EEQU expr
   22     | expr EEQU expr .
   23     | expr . DIFF expr
   24     | expr . AND expr
   25     | expr . OR expr
   34     | expr . QM expr DP expr

    $défaut  réduction par utilisation de la règle 22 (expr)


État 93

   13 expr: expr . PLS expr
   14     | expr . MIN expr
   15     | expr . MUL expr
   16     | expr . DIV expr
   17     | expr . POW expr
   18     | expr . LT expr
   19     | expr . GT expr
   20     | expr . LTE expr
   21     | expr . GTE expr
   22     | expr . EEQU expr
   23     | expr . DIFF expr
   23     | expr DIFF expr .
   24     | expr . AND expr
   25     | expr . OR expr
   34     | expr . QM expr DP expr

    $défaut  réduction par utilisation de la règle 23 (expr)


État 94

   13 expr: expr . PLS expr
   14     | expr . MIN expr
   15     | expr . MUL expr
   16     | expr . DIV expr
   17     | expr . POW expr
   18     | expr . LT expr
   19     | expr . GT expr
   20     | expr . LTE expr
   21     | expr . GTE expr
   22     | expr . EEQU expr
   23     | expr . DIFF expr
   24     | expr . AND expr
   24     | expr AND expr .
   25     | expr . OR expr
   34     | expr . QM expr DP expr

    $défaut  réduction par utilisation de la règle 24 (expr)


État 95

   13 expr: expr . PLS expr
   14     | expr . MIN expr
   15     | expr . MUL expr
   16     | expr . DIV expr
   17     | expr . POW expr
   18     | expr . LT expr
   19     | expr . GT expr
   20     | expr . LTE expr
   21     | expr . GTE expr
   22     | expr . EEQU expr
   23     | expr . DIFF expr
   24     | expr . AND expr
   25     | expr . OR expr
   25     | expr OR expr .
   34     | expr . QM expr DP expr

    $défaut  réduction par utilisation de la règle 25 (expr)


État 96

    3 line: line decl EQU expr . EOL
   13 expr: expr . PLS expr
   14     | expr . MIN expr
   15     | expr . MUL expr
   16     | expr . DIV expr
   17     | expr . POW expr
   18     | expr . LT expr
   19     | expr . GT expr
   20     | expr . LTE expr
   21     | expr . GTE expr
   22     | expr . EEQU expr
   23     | expr . DIFF expr
   24     | expr . AND expr
   25     | expr . OR expr
   34     | expr . QM expr DP expr

    EOL   décalage et aller à l'état 113
    QM    décalage et aller à l'état 48
    PLS   décalage et aller à l'état 49
    MIN   décalage et aller à l'état 50
    MUL   décalage et aller à l'état 51
    DIV   décalage et aller à l'état 52
    POW   décalage et aller à l'état 53
    LT    décalage et aller à l'état 54
    GT    décalage et aller à l'état 55
    GTE   décalage et aller à l'état 56
    LTE   décalage et aller à l'état 57
    EEQU  décalage et aller à l'état 58
    DIFF  décalage et aller à l'état 59
    AND   décalage et aller à l'état 60
    OR    décalage et aller à l'état 61


État 97

    4 line: line VARIABLE EQU expr EOL .

    $défaut  réduction par utilisation de la règle 4 (line)


État 98

   36 decl: VARIABLE '(' VARIABLE ')' .

    $défaut  réduction par utilisation de la règle 36 (decl)


État 99

   39 numr: VARIABLE '(' expr ')' .

    $défaut  réduction par utilisation de la règle 39 (numr)


État 100

   41 numrs: VARIABLE '(' range ')' .

    $défaut  réduction par utilisation de la règle 41 (numrs)


État 101

   45 plot_func: VARIABLE ',' . plot_func
   47 plot_range: ',' . range ')'

    VARIABLE  décalage et aller à l'état 67
    '['       décalage et aller à l'état 21

    plot_func   aller à l'état 114
    range       aller à l'état 115
    range_from  aller à l'état 29


État 102

   46 plot_func: VARIABLE plot_range .

    $défaut  réduction par utilisation de la règle 46 (plot_func)


État 103

   26 expr: SQRT '(' expr ')' .

    $défaut  réduction par utilisation de la règle 26 (expr)


État 104

   28 expr: SIN '(' expr ')' .

    $défaut  réduction par utilisation de la règle 28 (expr)


État 105

   27 expr: COS '(' expr ')' .

    $défaut  réduction par utilisation de la règle 27 (expr)


État 106

   30 expr: LOG '(' expr ')' .

    $défaut  réduction par utilisation de la règle 30 (expr)


État 107

   29 expr: LN '(' expr ')' .

    $défaut  réduction par utilisation de la règle 29 (expr)


État 108

   31 expr: EXP '(' expr ')' .

    $défaut  réduction par utilisation de la règle 31 (expr)


État 109

   32 expr: ABS '(' expr ')' .

    $défaut  réduction par utilisation de la règle 32 (expr)


État 110

   33 expr: POWER '(' expr ',' . expr ')'

    error     décalage et aller à l'état 3
    NUMBER    décalage et aller à l'état 4
    PI        décalage et aller à l'état 5
    EXP_E     décalage et aller à l'état 6
    VARIABLE  décalage et aller à l'état 42
    UPDATE    décalage et aller à l'état 8
    PLOT      décalage et aller à l'état 9
    SQRT      décalage et aller à l'état 10
    SIN       décalage et aller à l'état 11
    COS       décalage et aller à l'état 12
    LOG       décalage et aller à l'état 13
    LN        décalage et aller à l'état 14
    EXP       décalage et aller à l'état 15
    ABS       décalage et aller à l'état 16
    POWER     décalage et aller à l'état 17
    PLS       décalage et aller à l'état 18
    MIN       décalage et aller à l'état 19
    '('       décalage et aller à l'état 20
    '['       décalage et aller à l'état 21

    expr        aller à l'état 116
    numr        aller à l'état 24
    numrs       aller à l'état 25
    plot        aller à l'état 26
    plot_decl   aller à l'état 27
    range       aller à l'état 28
    range_from  aller à l'état 29


État 111

   13 expr: expr . PLS expr
   14     | expr . MIN expr
   15     | expr . MUL expr
   16     | expr . DIV expr
   17     | expr . POW expr
   18     | expr . LT expr
   19     | expr . GT expr
   20     | expr . LTE expr
   21     | expr . GTE expr
   22     | expr . EEQU expr
   23     | expr . DIFF expr
   24     | expr . AND expr
   25     | expr . OR expr
   34     | expr . QM expr DP expr
   50 range_to: ',' expr . range_step

    QM    décalage et aller à l'état 48
    PLS   décalage et aller à l'état 49
    MIN   décalage et aller à l'état 50
    MUL   décalage et aller à l'état 51
    DIV   décalage et aller à l'état 52
    POW   décalage et aller à l'état 53
    LT    décalage et aller à l'état 54
    GT    décalage et aller à l'état 55
    GTE   décalage et aller à l'état 56
    LTE   décalage et aller à l'état 57
    EEQU  décalage et aller à l'état 58
    DIFF  décalage et aller à l'état 59
    AND   décalage et aller à l'état 60
    OR    décalage et aller à l'état 61
    ','   décalage et aller à l'état 117
    ']'   décalage et aller à l'état 118

    range_step  aller à l'état 119


État 112

   34 expr: expr QM expr DP . expr

    error     décalage et aller à l'état 3
    NUMBER    décalage et aller à l'état 4
    PI        décalage et aller à l'état 5
    EXP_E     décalage et aller à l'état 6
    VARIABLE  décalage et aller à l'état 42
    UPDATE    décalage et aller à l'état 8
    PLOT      décalage et aller à l'état 9
    SQRT      décalage et aller à l'état 10
    SIN       décalage et aller à l'état 11
    COS       décalage et aller à l'état 12
    LOG       décalage et aller à l'état 13
    LN        décalage et aller à l'état 14
    EXP       décalage et aller à l'état 15
    ABS       décalage et aller à l'état 16
    POWER     décalage et aller à l'état 17
    PLS       décalage et aller à l'état 18
    MIN       décalage et aller à l'état 19
    '('       décalage et aller à l'état 20
    '['       décalage et aller à l'état 21

    expr        aller à l'état 120
    numr        aller à l'état 24
    numrs       aller à l'état 25
    plot        aller à l'état 26
    plot_decl   aller à l'état 27
    range       aller à l'état 28
    range_from  aller à l'état 29


État 113

    3 line: line decl EQU expr EOL .

    $défaut  réduction par utilisation de la règle 3 (line)


État 114

   45 plot_func: VARIABLE ',' plot_func .

    $défaut  réduction par utilisation de la règle 45 (plot_func)


État 115

   47 plot_range: ',' range . ')'

    ')'  décalage et aller à l'état 121


État 116

   13 expr: expr . PLS expr
   14     | expr . MIN expr
   15     | expr . MUL expr
   16     | expr . DIV expr
   17     | expr . POW expr
   18     | expr . LT expr
   19     | expr . GT expr
   20     | expr . LTE expr
   21     | expr . GTE expr
   22     | expr . EEQU expr
   23     | expr . DIFF expr
   24     | expr . AND expr
   25     | expr . OR expr
   33     | POWER '(' expr ',' expr . ')'
   34     | expr . QM expr DP expr

    QM    décalage et aller à l'état 48
    PLS   décalage et aller à l'état 49
    MIN   décalage et aller à l'état 50
    MUL   décalage et aller à l'état 51
    DIV   décalage et aller à l'état 52
    POW   décalage et aller à l'état 53
    LT    décalage et aller à l'état 54
    GT    décalage et aller à l'état 55
    GTE   décalage et aller à l'état 56
    LTE   décalage et aller à l'état 57
    EEQU  décalage et aller à l'état 58
    DIFF  décalage et aller à l'état 59
    AND   décalage et aller à l'état 60
    OR    décalage et aller à l'état 61
    ')'   décalage et aller à l'état 122


État 117

   52 range_step: ',' . expr ']'

    error     décalage et aller à l'état 3
    NUMBER    décalage et aller à l'état 4
    PI        décalage et aller à l'état 5
    EXP_E     décalage et aller à l'état 6
    VARIABLE  décalage et aller à l'état 42
    UPDATE    décalage et aller à l'état 8
    PLOT      décalage et aller à l'état 9
    SQRT      décalage et aller à l'état 10
    SIN       décalage et aller à l'état 11
    COS       décalage et aller à l'état 12
    LOG       décalage et aller à l'état 13
    LN        décalage et aller à l'état 14
    EXP       décalage et aller à l'état 15
    ABS       décalage et aller à l'état 16
    POWER     décalage et aller à l'état 17
    PLS       décalage et aller à l'état 18
    MIN       décalage et aller à l'état 19
    '('       décalage et aller à l'état 20
    '['       décalage et aller à l'état 21

    expr        aller à l'état 123
    numr        aller à l'état 24
    numrs       aller à l'état 25
    plot        aller à l'état 26
    plot_decl   aller à l'état 27
    range       aller à l'état 28
    range_from  aller à l'état 29


État 118

   51 range_step: ']' .

    $défaut  réduction par utilisation de la règle 51 (range_step)


État 119

   50 range_to: ',' expr range_step .

    $défaut  réduction par utilisation de la règle 50 (range_to)


État 120

   13 expr: expr . PLS expr
   14     | expr . MIN expr
   15     | expr . MUL expr
   16     | expr . DIV expr
   17     | expr . POW expr
   18     | expr . LT expr
   19     | expr . GT expr
   20     | expr . LTE expr
   21     | expr . GTE expr
   22     | expr . EEQU expr
   23     | expr . DIFF expr
   24     | expr . AND expr
   25     | expr . OR expr
   34     | expr . QM expr DP expr
   34     | expr QM expr DP expr .

    PLS   décalage et aller à l'état 49
    MIN   décalage et aller à l'état 50
    MUL   décalage et aller à l'état 51
    DIV   décalage et aller à l'état 52
    POW   décalage et aller à l'état 53
    LT    décalage et aller à l'état 54
    GT    décalage et aller à l'état 55
    GTE   décalage et aller à l'état 56
    LTE   décalage et aller à l'état 57
    EEQU  décalage et aller à l'état 58
    DIFF  décalage et aller à l'état 59
    AND   décalage et aller à l'état 60
    OR    décalage et aller à l'état 61

    $défaut  réduction par utilisation de la règle 34 (expr)


État 121

   47 plot_range: ',' range ')' .

    $défaut  réduction par utilisation de la règle 47 (plot_range)


État 122

   33 expr: POWER '(' expr ',' expr ')' .

    $défaut  réduction par utilisation de la règle 33 (expr)


État 123

   13 expr: expr . PLS expr
   14     | expr . MIN expr
   15     | expr . MUL expr
   16     | expr . DIV expr
   17     | expr . POW expr
   18     | expr . LT expr
   19     | expr . GT expr
   20     | expr . LTE expr
   21     | expr . GTE expr
   22     | expr . EEQU expr
   23     | expr . DIFF expr
   24     | expr . AND expr
   25     | expr . OR expr
   34     | expr . QM expr DP expr
   52 range_step: ',' expr . ']'

    QM    décalage et aller à l'état 48
    PLS   décalage et aller à l'état 49
    MIN   décalage et aller à l'état 50
    MUL   décalage et aller à l'état 51
    DIV   décalage et aller à l'état 52
    POW   décalage et aller à l'état 53
    LT    décalage et aller à l'état 54
    GT    décalage et aller à l'état 55
    GTE   décalage et aller à l'état 56
    LTE   décalage et aller à l'état 57
    EEQU  décalage et aller à l'état 58
    DIFF  décalage et aller à l'état 59
    AND   décalage et aller à l'état 60
    OR    décalage et aller à l'état 61
    ']'   décalage et aller à l'état 124


État 124

   52 range_step: ',' expr ']' .

    $défaut  réduction par utilisation de la règle 52 (range_step)
